<?xml version="1.0" encoding="UTF-8"?>
<!-- Generated by org.testng.reporters.JUnitReportReporter -->
<testsuite hostname="ATMECSINDT-080" failures="0" tests="17" name="com.atmecs.testscripts.scenario1.ContactUs" time="34.396" errors="0" timestamp="26 Sep 2019 14:03:43 GMT" skipped="0">
  <testcase classname="com.atmecs.testscripts.scenario1.ContactUs" name="setup" time="18.689"/>
  <testcase classname="com.atmecs.testscripts.scenario1.ContactUs" name="ClickOnHome" time="2.175"/>
  <testcase classname="com.atmecs.testscripts.scenario1.ContactUs" name="ValidateHomeFooter" time="0.110"/>
  <testcase classname="com.atmecs.testscripts.scenario1.ContactUs" name="ClickOnAboutUs" time="2.100"/>
  <testcase classname="com.atmecs.testscripts.scenario1.ContactUs" name="ValidateFooterAboutUs" time="0.150"/>
  <testcase classname="com.atmecs.testscripts.scenario1.ContactUs" name="ClickOnServices" time="4.224"/>
  <testcase classname="com.atmecs.testscripts.scenario1.ContactUs" name="ValidateFooterServices" time="0.111"/>
  <testcase classname="com.atmecs.testscripts.scenario1.ContactUs" name="ClickOnPartners" time="2.136"/>
  <testcase classname="com.atmecs.testscripts.scenario1.ContactUs" name="ValidateFooterPartners" time="0.099"/>
  <testcase classname="com.atmecs.testscripts.scenario1.ContactUs" name="ClickOnMedia" time="0.077"/>
  <testcase classname="com.atmecs.testscripts.scenario1.ContactUs" name="ValidateFooterMedia" time="0.083"/>
  <testcase classname="com.atmecs.testscripts.scenario1.ContactUs" name="ClickOnInsights" time="0.090"/>
  <testcase classname="com.atmecs.testscripts.scenario1.ContactUs" name="ValidateFooterInsights" time="0.081"/>
  <testcase classname="com.atmecs.testscripts.scenario1.ContactUs" name="ClickOnCareers" time="2.054"/>
  <testcase classname="com.atmecs.testscripts.scenario1.ContactUs" name="ValidateFooterCareers" time="0.125"/>
  <testcase classname="com.atmecs.testscripts.scenario1.ContactUs" name="ClickOnContactUs" time="1.981"/>
  <testcase classname="com.atmecs.testscripts.scenario1.ContactUs" name="ValidateFooterContactUs" time="0.111"/>
</testsuite> <!-- com.atmecs.testscripts.scenario1.ContactUs -->
