<?xml version="1.0" encoding="UTF-8"?>
<!-- Generated by org.testng.reporters.JUnitReportReporter -->
<testsuite hostname="ATMECSINDT-080" failures="0" tests="1" name="com.org.atmecs.testbase.InvokeBrowser" time="17.283" errors="0" timestamp="26 Sep 2019 07:20:37 GMT" skipped="0">
  <testcase classname="com.org.atmecs.testbase.InvokeBrowser" name="setup" time="17.283"/>
</testsuite> <!-- com.org.atmecs.testbase.InvokeBrowser -->
