<?xml version="1.0" encoding="UTF-8"?>
<!-- Generated by org.testng.reporters.JUnitReportReporter -->
<testsuite hostname="ATMECSINDT-080" failures="0" tests="17" name="com.org.atmecs.testscripts.ContactUs" time="60.517" errors="0" timestamp="2019-09-26T15:39:00 IST" skipped="0">
  <testcase classname="com.org.atmecs.testscripts.ContactUs" name="setup" time="20.929"/>
  <testcase classname="com.org.atmecs.testscripts.ContactUs" name="ClickOnHome" time="4.767"/>
  <testcase classname="com.org.atmecs.testscripts.ContactUs" name="ValidateHomeFooter" time="0.151"/>
  <testcase classname="com.org.atmecs.testscripts.ContactUs" name="ClickOnAboutUs" time="4.603"/>
  <testcase classname="com.org.atmecs.testscripts.ContactUs" name="ValidateFooterAboutUs" time="0.154"/>
  <testcase classname="com.org.atmecs.testscripts.ContactUs" name="ClickOnServices" time="7.758"/>
  <testcase classname="com.org.atmecs.testscripts.ContactUs" name="ValidateFooterServices" time="0.125"/>
  <testcase classname="com.org.atmecs.testscripts.ContactUs" name="ClickOnPartners" time="4.866"/>
  <testcase classname="com.org.atmecs.testscripts.ContactUs" name="ValidateFooterPartners" time="0.135"/>
  <testcase classname="com.org.atmecs.testscripts.ContactUs" name="ClickOnMedia" time="3.134"/>
  <testcase classname="com.org.atmecs.testscripts.ContactUs" name="ValidateFooterMedia" time="0.089"/>
  <testcase classname="com.org.atmecs.testscripts.ContactUs" name="ClickOnInsights" time="3.128"/>
  <testcase classname="com.org.atmecs.testscripts.ContactUs" name="ValidateFooterInsights" time="0.131"/>
  <testcase classname="com.org.atmecs.testscripts.ContactUs" name="ClickOnCareers" time="4.988"/>
  <testcase classname="com.org.atmecs.testscripts.ContactUs" name="ValidateFooterCareers" time="0.128"/>
  <testcase classname="com.org.atmecs.testscripts.ContactUs" name="ClickOnContactUs" time="5.181"/>
  <testcase classname="com.org.atmecs.testscripts.ContactUs" name="ValidateFooterContactUs" time="0.250"/>
</testsuite> <!-- com.org.atmecs.testscripts.ContactUs -->
